This is pdfTeXk, Version 3.141592-1.40.3 (Web2C 7.5.6) (format=latex 2010.2.1)  6 MAY 2010 18:42
entering extended mode
 %&-line parsing enabled.
**currvita.ins
(./currvita.ins
LaTeX2e <2005/12/01>
Babel <v3.8h> and hyphenation patterns for english, usenglishmax, dumylang, noh
yphenation, loaded.
(/usr/share/texmf-texlive/tex/latex/base/docstrip.tex
\blockLevel=\count79
\emptyLines=\count80
\processedLines=\count81
\commentsRemoved=\count82
\commentsPassed=\count83
\codeLinesPassed=\count84
\TotalprocessedLines=\count85
\TotalcommentsRemoved=\count86
\TotalcommentsPassed=\count87
\TotalcodeLinesPassed=\count88
\NumberOfFiles=\count89
\inFile=\read1
\inputcheck=\read2
\off@0=\count90
\off@1=\count91
\off@2=\count92
\off@3=\count93
\off@4=\count94
\off@5=\count95
\off@6=\count96
\off@7=\count97
\off@8=\count98
\off@9=\count99
\off@10=\count100
\off@11=\count101
\off@12=\count102
\off@13=\count103
\off@14=\count104
\off@15=\count105
\@maxfiles=\count106
\@maxoutfiles=\count107

Utility: `docstrip' 2.5d <2005/07/29>
English documentation    <1999/03/31>

**********************************************************
* This program converts documented macro-files into fast *
* loadable files by stripping off (nearly) all comments! *
**********************************************************

********************************************************
* No Configuration file found, using default settings. *
********************************************************

)

Generating file(s) ./currvita.sty ./cvtest.tex 
\openout0 = `./currvita.sty'.

\openout1 = `./cvtest.tex'.


Processing file currvita.dtx (package) -> currvita.sty
                             (testfile) -> cvtest.tex
File currvita.dtx ended by \endinput.
Lines  processed: 1439
Comments removed: 1166
Comments  passed: 15
Codelines passed: 252

**************************************************************
*
* To finish the installation you have to move the following
* files into a directory searched by LaTeX:
*
*   currvita.sty
*
* To produce the documentation and an example, run the
* following files through LaTeX:
*
*   currvita.dtx (three times)
*   cvtest.tex
*
* Happy TeXing!
*
**************************************************************
 ) 
Here is how much of TeX's memory you used:
 326 strings out of 95087
 3285 string characters out of 1183279
 51373 words of memory out of 1500000
 3591 multiletter control sequences out of 10000+50000
 3640 words of font info for 14 fonts, out of 1200000 for 2000
 28 hyphenation exceptions out of 8191
 11i,0n,15p,117b,135s stack positions out of 5000i,500n,6000p,200000b,5000s

No pages of output.
